<?xml version="1.0" encoding="UTF-8"?>
<!-- Generated by org.testng.reporters.JUnitReportReporter -->
<testsuite hostname="DESKTOP-L9VVM4M" failures="0" tests="1" name="Test.NotificationTest" time="37.248" errors="0" timestamp="2022-07-15T12:10:46 IST" skipped="0">
  <testcase classname="Test.NotificationTest" name="Notification" time="37.248"/>
  <system-out/>
</testsuite> <!-- Test.NotificationTest -->
