<?xml version="1.0" encoding="UTF-8"?>
<!-- Generated by org.testng.reporters.JUnitReportReporter -->
<testsuite hostname="DESKTOP-L9VVM4M" failures="0" tests="2" name="Test.ScheduleModuleAdmin" time="118.345" errors="0" timestamp="2022-10-22T10:52:15 IST" skipped="1">
  <testcase classname="Test.ScheduleModuleAdmin" name="createScheduleProfile" time="118.345"/>
  <system-out/>
  <testcase classname="Test.ScheduleModuleAdmin" name="doSearchFilterOper2">
    <skipped/>
  </testcase> <!-- doSearchFilterOper2 -->
  <system-out/>
</testsuite> <!-- Test.ScheduleModuleAdmin -->
