<?xml version="1.0" encoding="UTF-8"?>
<!-- Generated by org.testng.reporters.JUnitReportReporter -->
<testsuite hostname="DESKTOP-L9VVM4M" failures="0" tests="1" name="Test.NotificationModuleTeacher" time="111.357" errors="0" timestamp="2022-07-16T12:24:18 IST" skipped="0">
  <testcase classname="Test.NotificationModuleTeacher" name="checkAllNotifiations" time="111.357"/>
  <system-out/>
</testsuite> <!-- Test.NotificationModuleTeacher -->
