<?xml version="1.0" encoding="UTF-8"?>
<!-- Generated by org.testng.reporters.JUnitReportReporter -->
<testsuite hostname="DESKTOP-L9VVM4M" failures="0" tests="1" name="Test.NotificationModuleDataOper" time="111.792" errors="0" timestamp="2022-07-25T12:52:19 IST" skipped="0">
  <testcase classname="Test.NotificationModuleDataOper" name="checkAllNotifiations" time="111.792"/>
  <system-out/>
</testsuite> <!-- Test.NotificationModuleDataOper -->
