<?xml version="1.0" encoding="UTF-8"?>
<!-- Generated by org.testng.reporters.JUnitReportReporter -->
<testsuite hostname="DESKTOP-L9VVM4M" failures="0" tests="1" name="Test.ClassroomsTest" time="18.099" errors="0" timestamp="2022-10-22T10:34:40 IST" skipped="0">
  <testcase classname="Test.ClassroomsTest" name="AddStudent" time="18.099"/>
  <system-out/>
</testsuite> <!-- Test.ClassroomsTest -->
