<?xml version="1.0" encoding="UTF-8"?>
<!-- Generated by org.testng.reporters.JUnitReportReporter -->
<testsuite hostname="DESKTOP-L9VVM4M" failures="0" tests="10" name="Test.AllModulesSmokeTest" time="754.116" errors="0" timestamp="2022-10-22T12:42:19 IST" skipped="0">
  <testcase classname="Test.AllModulesSmokeTest" name="userCreations" time="165.611"/>
  <system-out/>
  <testcase classname="Test.AllModulesSmokeTest" name="validateUserManagementPage" time="112.509"/>
  <system-out/>
  <testcase classname="Test.AllModulesSmokeTest" name="registrationRequestsApprovals" time="15.126"/>
  <system-out/>
  <testcase classname="Test.AllModulesSmokeTest" name="validateRegistrationRequestsPage" time="71.792"/>
  <system-out/>
  <testcase classname="Test.AllModulesSmokeTest" name="CreateaNewClass" time="27.725"/>
  <system-out/>
  <testcase classname="Test.AllModulesSmokeTest" name="AddStudent" time="22.049"/>
  <system-out/>
  <testcase classname="Test.AllModulesSmokeTest" name="CourseCreations" time="58.926"/>
  <system-out/>
  <testcase classname="Test.AllModulesSmokeTest" name="CourseUpdate" time="27.640"/>
  <system-out/>
  <testcase classname="Test.AllModulesSmokeTest" name="createScheduleProfile" time="124.999"/>
  <system-out/>
  <testcase classname="Test.AllModulesSmokeTest" name="createSceduleForBroadcast" time="127.739"/>
  <system-out/>
</testsuite> <!-- Test.AllModulesSmokeTest -->
