<?xml version="1.0" encoding="UTF-8"?>
<!-- Generated by org.testng.reporters.JUnitReportReporter -->
<testsuite hostname="DESKTOP-L9VVM4M" failures="0" tests="1" name="Test.NotificationModuleDataOper" time="12.468" errors="0" timestamp="2022-07-20T15:51:52 IST" skipped="0">
  <testcase classname="Test.NotificationModuleDataOper" name="SearchOneMore" time="12.468"/>
  <system-out/>
</testsuite> <!-- Test.NotificationModuleDataOper -->
