<?xml version="1.0" encoding="UTF-8"?>
<!-- Generated by org.testng.reporters.JUnitReportReporter -->
<testsuite hostname="DESKTOP-L9VVM4M" failures="0" tests="6" name="Test.NotificationModuleDataOper" time="361.336" errors="0" timestamp="2022-10-20T12:17:26 IST" skipped="0">
  <testcase classname="Test.NotificationModuleDataOper" name="checkAllNotifiations" time="111.811"/>
  <system-out/>
  <testcase classname="Test.NotificationModuleDataOper" name="selectValuesIndropdown" time="50.259"/>
  <system-out/>
  <testcase classname="Test.NotificationModuleDataOper" name="announcements" time="49.927"/>
  <system-out/>
  <testcase classname="Test.NotificationModuleDataOper" name="assignments" time="49.739"/>
  <system-out/>
  <testcase classname="Test.NotificationModuleDataOper" name="Test" time="49.933"/>
  <system-out/>
  <testcase classname="Test.NotificationModuleDataOper" name="practiceTest" time="49.667"/>
  <system-out/>
</testsuite> <!-- Test.NotificationModuleDataOper -->
