<?xml version="1.0" encoding="UTF-8"?>
<!-- Generated by org.testng.reporters.JUnitReportReporter -->
<testsuite hostname="DESKTOP-L9VVM4M" failures="0" tests="1" name="Test.UserManagementSuperAdminTest" time="31.683" errors="0" timestamp="2022-07-14T14:35:39 IST" skipped="0">
  <testcase classname="Test.UserManagementSuperAdminTest" name="uploadImage" time="31.683"/>
  <system-out/>
</testsuite> <!-- Test.UserManagementSuperAdminTest -->
