<?xml version="1.0" encoding="UTF-8"?>
<!-- Generated by org.testng.reporters.JUnitReportReporter -->
<testsuite hostname="DESKTOP-L9VVM4M" failures="0" tests="1" name="Test.ScheduleModuleAdmin" time="113.204" errors="0" timestamp="2022-07-13T16:31:43 IST" skipped="0">
  <testcase classname="Test.ScheduleModuleAdmin" name="createScheduleProfile" time="113.204"/>
  <system-out/>
</testsuite> <!-- Test.ScheduleModuleAdmin -->
