<?xml version="1.0" encoding="UTF-8"?>
<!-- Generated by org.testng.reporters.JUnitReportReporter -->
<testsuite hostname="DESKTOP-L9VVM4M" failures="0" tests="7" name="Test.AllModulesSmokeTest" time="495.609" errors="0" timestamp="2022-10-27T11:26:25 IST" skipped="0">
  <testcase classname="Test.AllModulesSmokeTest" name="userCreations" time="170.956"/>
  <system-out/>
  <testcase classname="Test.AllModulesSmokeTest" name="validateUserManagementPage" time="114.544"/>
  <system-out/>
  <testcase classname="Test.AllModulesSmokeTest" name="registrationRequestsApprovals" time="15.155"/>
  <system-out/>
  <testcase classname="Test.AllModulesSmokeTest" name="validateRegistrationRequestsPage" time="72.115"/>
  <system-out/>
  <testcase classname="Test.AllModulesSmokeTest" name="CreateClassRoom" time="34.614"/>
  <system-out/>
  <testcase classname="Test.AllModulesSmokeTest" name="CourseCreations" time="60.464"/>
  <system-out/>
  <testcase classname="Test.AllModulesSmokeTest" name="CourseUpdate" time="27.761"/>
  <system-out/>
</testsuite> <!-- Test.AllModulesSmokeTest -->
