<?xml version="1.0" encoding="UTF-8"?>
<!-- Generated by org.testng.reporters.JUnitReportReporter -->
<testsuite hostname="DESKTOP-L9VVM4M" failures="0" tests="1" name="Test.DataOperatorAdminCoursesTest" time="25.687" errors="0" timestamp="2022-10-22T10:43:51 IST" skipped="0">
  <testcase classname="Test.DataOperatorAdminCoursesTest" name="CourseUpdate" time="25.687"/>
  <system-out/>
</testsuite> <!-- Test.DataOperatorAdminCoursesTest -->
