<?xml version="1.0" encoding="UTF-8"?>
<!-- Generated by org.testng.reporters.JUnitReportReporter -->
<testsuite hostname="DESKTOP-L9VVM4M" failures="0" tests="1" name="Test.ScheduleModuleDataOperator" time="54.308" errors="0" timestamp="2022-07-06T12:15:41 IST" skipped="0">
  <testcase classname="Test.ScheduleModuleDataOperator" name="doSearchFilterOperDOP" time="54.308"/>
  <system-out/>
</testsuite> <!-- Test.ScheduleModuleDataOperator -->
