<?xml version="1.0" encoding="UTF-8"?>
<!-- Generated by org.testng.reporters.JUnitReportReporter -->
<testsuite hostname="DESKTOP-L9VVM4M" failures="0" tests="1" name="Test.UserManagementTeacherSide" time="9.355" errors="0" timestamp="2022-07-07T14:34:50 IST" skipped="0">
  <testcase classname="Test.UserManagementTeacherSide" name="teacherAdminLogout" time="9.355"/>
  <system-out/>
</testsuite> <!-- Test.UserManagementTeacherSide -->
