<?xml version="1.0" encoding="UTF-8"?>
<!-- Generated by org.testng.reporters.JUnitReportReporter -->
<testsuite hostname="DESKTOP-L9VVM4M" failures="0" tests="4" name="Test.UserManagementDataOpeSide" time="444.272" errors="0" timestamp="2022-10-21T15:28:52 IST" skipped="0">
  <testcase classname="Test.UserManagementDataOpeSide" name="dataoperatorAdminuserCreations" time="253.630"/>
  <system-out/>
  <testcase classname="Test.UserManagementDataOpeSide" name="dataoperatorAdminvalidateUserManagementPage" time="109.496"/>
  <system-out/>
  <testcase classname="Test.UserManagementDataOpeSide" name="dataoperatorAdminregistrationRequestsApprovals" time="11.154"/>
  <system-out/>
  <testcase classname="Test.UserManagementDataOpeSide" name="dataoperatorAdminvalidateRegistrationRequestsPage" time="69.992"/>
  <system-out/>
</testsuite> <!-- Test.UserManagementDataOpeSide -->
