<?xml version="1.0" encoding="UTF-8"?>
<!-- Generated by org.testng.reporters.JUnitReportReporter -->
<testsuite hostname="DESKTOP-L9VVM4M" failures="0" tests="1" name="Test.UserManagementDataOpeSide" time="138.831" errors="0" timestamp="2022-07-07T16:11:36 IST" skipped="0">
  <testcase classname="Test.UserManagementDataOpeSide" name="dataoperatorAdminvalidateOperationViewmorePage" time="138.831"/>
  <system-out/>
</testsuite> <!-- Test.UserManagementDataOpeSide -->
