<?xml version="1.0" encoding="UTF-8"?>
<!-- Generated by org.testng.reporters.JUnitReportReporter -->
<testsuite hostname="DESKTOP-L9VVM4M" failures="0" tests="8" name="Test.NotificationModuleTeacher" time="457.714" errors="0" timestamp="2022-07-15T16:50:29 IST" skipped="0">
  <testcase classname="Test.NotificationModuleTeacher" name="checkAllNotifiations" time="111.166"/>
  <system-out/>
  <testcase classname="Test.NotificationModuleTeacher" name="selectValuesIndropdown" time="49.606"/>
  <system-out/>
  <testcase classname="Test.NotificationModuleTeacher" name="announcements" time="49.496"/>
  <system-out/>
  <testcase classname="Test.NotificationModuleTeacher" name="assignments" time="49.427"/>
  <system-out/>
  <testcase classname="Test.NotificationModuleTeacher" name="Test" time="49.540"/>
  <system-out/>
  <testcase classname="Test.NotificationModuleTeacher" name="practiceTest" time="49.527"/>
  <system-out/>
  <testcase classname="Test.NotificationModuleTeacher" name="DigitalLibrery" time="49.389"/>
  <system-out/>
  <testcase classname="Test.NotificationModuleTeacher" name="others" time="49.563"/>
  <system-out/>
</testsuite> <!-- Test.NotificationModuleTeacher -->
