<?xml version="1.0" encoding="UTF-8"?>
<!-- Generated by org.testng.reporters.JUnitReportReporter -->
<testsuite hostname="DESKTOP-L9VVM4M" failures="0" tests="1" name="Test.ScheduleModuleStudent" time="19.591" errors="0" timestamp="2022-07-06T12:19:55 IST" skipped="0">
  <testcase classname="Test.ScheduleModuleStudent" name="validateEditInOccuranceStudent" time="19.591"/>
  <system-out/>
</testsuite> <!-- Test.ScheduleModuleStudent -->
