<?xml version="1.0" encoding="UTF-8"?>
<!-- Generated by org.testng.reporters.JUnitReportReporter -->
<testsuite hostname="DESKTOP-L9VVM4M" failures="0" tests="1" name="Test.feeManagementSuperAdminTest" time="58.373" errors="0" timestamp="2022-10-22T14:43:14 IST" skipped="0">
  <testcase classname="Test.feeManagementSuperAdminTest" name="Overview" time="58.373"/>
  <system-out/>
</testsuite> <!-- Test.feeManagementSuperAdminTest -->
