<?xml version="1.0" encoding="UTF-8"?>
<!-- Generated by org.testng.reporters.JUnitReportReporter -->
<testsuite hostname="DESKTOP-L9VVM4M" failures="0" tests="4" name="Test.UserManagementOperatorSide" time="444.097" errors="0" timestamp="2022-10-19T14:45:41 IST" skipped="0">
  <testcase classname="Test.UserManagementOperatorSide" name="operationAdminuserCreations" time="254.390"/>
  <system-out/>
  <testcase classname="Test.UserManagementOperatorSide" name="operationAdminvalidateUserManagementPage" time="108.481"/>
  <system-out/>
  <testcase classname="Test.UserManagementOperatorSide" name="operationAdminregistrationRequestsApprovals" time="11.195"/>
  <system-out/>
  <testcase classname="Test.UserManagementOperatorSide" name="operationAdminvalidateRegistrationRequestsPage" time="70.031"/>
  <system-out/>
</testsuite> <!-- Test.UserManagementOperatorSide -->
