<?xml version="1.0" encoding="UTF-8"?>
<!-- Generated by org.testng.reporters.JUnitReportReporter -->
<testsuite hostname="DESKTOP-L9VVM4M" failures="0" tests="4" name="Test.UserManagementDataOpeSide" time="440.433" errors="0" timestamp="2022-10-20T12:26:22 IST" skipped="0">
  <testcase classname="Test.UserManagementDataOpeSide" name="dataoperatorAdminuserCreations" time="252.011"/>
  <system-out/>
  <testcase classname="Test.UserManagementDataOpeSide" name="dataoperatorAdminvalidateUserManagementPage" time="107.756"/>
  <system-out/>
  <testcase classname="Test.UserManagementDataOpeSide" name="dataoperatorAdminregistrationRequestsApprovals" time="11.078"/>
  <system-out/>
  <testcase classname="Test.UserManagementDataOpeSide" name="dataoperatorAdminvalidateRegistrationRequestsPage" time="69.588"/>
  <system-out/>
</testsuite> <!-- Test.UserManagementDataOpeSide -->
