<?xml version="1.0" encoding="UTF-8"?>
<!-- Generated by org.testng.reporters.JUnitReportReporter -->
<testsuite hostname="DESKTOP-L9VVM4M" failures="0" tests="1" name="Test.ScheduleModuleTeacher" time="100.443" errors="0" timestamp="2022-07-06T12:27:36 IST" skipped="0">
  <testcase classname="Test.ScheduleModuleTeacher" name="createScheduleProfileDataOper" time="100.443"/>
  <system-out/>
</testsuite> <!-- Test.ScheduleModuleTeacher -->
