<?xml version="1.0" encoding="UTF-8"?>
<!-- Generated by org.testng.reporters.JUnitReportReporter -->
<testsuite hostname="DESKTOP-L9VVM4M" failures="0" tests="4" name="Test.DataOperatorAdminCoursesTest" time="115.305" errors="0" timestamp="2022-10-20T13:06:59 IST" skipped="0">
  <testcase classname="Test.DataOperatorAdminCoursesTest" name="CourseCreations" time="54.701"/>
  <system-out/>
  <testcase classname="Test.DataOperatorAdminCoursesTest" name="CourseUpdate" time="25.456"/>
  <system-out/>
  <testcase classname="Test.DataOperatorAdminCoursesTest" name="CourseDelete" time="20.760"/>
  <system-out/>
  <testcase classname="Test.DataOperatorAdminCoursesTest" name="SearchCourse" time="14.388"/>
  <system-out/>
</testsuite> <!-- Test.DataOperatorAdminCoursesTest -->
