<?xml version="1.0" encoding="UTF-8"?>
<!-- Generated by org.testng.reporters.JUnitReportReporter -->
<testsuite hostname="DESKTOP-L9VVM4M" failures="0" tests="1" name="Test.PracticeTestStudent" time="11.388" errors="0" timestamp="2022-07-08T16:34:51 IST" skipped="0">
  <testcase classname="Test.PracticeTestStudent" name="Overview" time="11.388"/>
  <system-out/>
</testsuite> <!-- Test.PracticeTestStudent -->
