<?xml version="1.0" encoding="UTF-8"?>
<!-- Generated by org.testng.reporters.JUnitReportReporter -->
<testsuite hostname="DESKTOP-L9VVM4M" failures="0" tests="1" name="Test.RegistrationTest" time="55.569" errors="0" timestamp="2022-07-07T16:55:23 IST" skipped="0">
  <testcase classname="Test.RegistrationTest" name="fillRegistartionDetails" time="55.569"/>
  <system-out/>
</testsuite> <!-- Test.RegistrationTest -->
