<?xml version="1.0" encoding="UTF-8"?>
<!-- Generated by org.testng.reporters.JUnitReportReporter -->
<testsuite hostname="DESKTOP-L9VVM4M" failures="0" tests="8" name="Test.NotificationModuleDataOper" time="463.715" errors="0" timestamp="2022-10-10T15:18:08 IST" skipped="0">
  <testcase classname="Test.NotificationModuleDataOper" name="checkAllNotifiations" time="113.448"/>
  <system-out/>
  <testcase classname="Test.NotificationModuleDataOper" name="selectValuesIndropdown" time="50.121"/>
  <system-out/>
  <testcase classname="Test.NotificationModuleDataOper" name="announcements" time="50.068"/>
  <system-out/>
  <testcase classname="Test.NotificationModuleDataOper" name="assignments" time="50.082"/>
  <system-out/>
  <testcase classname="Test.NotificationModuleDataOper" name="Test" time="50.110"/>
  <system-out/>
  <testcase classname="Test.NotificationModuleDataOper" name="practiceTest" time="50.093"/>
  <system-out/>
  <testcase classname="Test.NotificationModuleDataOper" name="DigitalLibrery" time="49.960"/>
  <system-out/>
  <testcase classname="Test.NotificationModuleDataOper" name="others" time="49.833"/>
  <system-out/>
</testsuite> <!-- Test.NotificationModuleDataOper -->
