<?xml version="1.0" encoding="UTF-8"?>
<!-- Generated by org.testng.reporters.JUnitReportReporter -->
<testsuite hostname="DESKTOP-L9VVM4M" failures="0" tests="10" name="Test.AllModulesSmokeTest" time="758.914" errors="0" timestamp="2022-10-22T12:59:22 IST" skipped="0">
  <testcase classname="Test.AllModulesSmokeTest" name="userCreations" time="168.732"/>
  <system-out/>
  <testcase classname="Test.AllModulesSmokeTest" name="validateUserManagementPage" time="112.548"/>
  <system-out/>
  <testcase classname="Test.AllModulesSmokeTest" name="registrationRequestsApprovals" time="14.964"/>
  <system-out/>
  <testcase classname="Test.AllModulesSmokeTest" name="validateRegistrationRequestsPage" time="71.686"/>
  <system-out/>
  <testcase classname="Test.AllModulesSmokeTest" name="CreateaNewClass" time="27.527"/>
  <system-out/>
  <testcase classname="Test.AllModulesSmokeTest" name="AddStudent" time="22.069"/>
  <system-out/>
  <testcase classname="Test.AllModulesSmokeTest" name="CourseCreations" time="60.540"/>
  <system-out/>
  <testcase classname="Test.AllModulesSmokeTest" name="CourseUpdate" time="27.635"/>
  <system-out/>
  <testcase classname="Test.AllModulesSmokeTest" name="createScheduleProfile" time="125.362"/>
  <system-out/>
  <testcase classname="Test.AllModulesSmokeTest" name="createSceduleForBroadcast" time="127.851"/>
  <system-out/>
</testsuite> <!-- Test.AllModulesSmokeTest -->
