<?xml version="1.0" encoding="UTF-8"?>
<!-- Generated by org.testng.reporters.JUnitReportReporter -->
<testsuite hostname="DESKTOP-L9VVM4M" failures="0" tests="7" name="Test.AllModulesSmokeTest" time="491.265" errors="0" timestamp="2022-10-27T11:36:11 IST" skipped="0">
  <testcase classname="Test.AllModulesSmokeTest" name="userCreations" time="167.148"/>
  <system-out/>
  <testcase classname="Test.AllModulesSmokeTest" name="validateUserManagementPage" time="114.994"/>
  <system-out/>
  <testcase classname="Test.AllModulesSmokeTest" name="registrationRequestsApprovals" time="15.592"/>
  <system-out/>
  <testcase classname="Test.AllModulesSmokeTest" name="validateRegistrationRequestsPage" time="71.809"/>
  <system-out/>
  <testcase classname="Test.AllModulesSmokeTest" name="CreateClassRoom" time="34.289"/>
  <system-out/>
  <testcase classname="Test.AllModulesSmokeTest" name="CourseCreations" time="59.963"/>
  <system-out/>
  <testcase classname="Test.AllModulesSmokeTest" name="CourseUpdate" time="27.470"/>
  <system-out/>
</testsuite> <!-- Test.AllModulesSmokeTest -->
