<?xml version="1.0" encoding="UTF-8"?>
<!-- Generated by org.testng.reporters.JUnitReportReporter -->
<testsuite hostname="DESKTOP-L9VVM4M" failures="0" tests="1" name="Test.feeManagementSuperAdminTest" time="61.637" errors="0" timestamp="2022-10-20T15:05:54 IST" skipped="0">
  <testcase classname="Test.feeManagementSuperAdminTest" name="Overview" time="61.637"/>
  <system-out/>
</testsuite> <!-- Test.feeManagementSuperAdminTest -->
